<?xml version="1.0" encoding="UTF-8"?>
<!-- Generated by org.testng.reporters.JUnitReportReporter -->
<testsuite hostname="SHIVAKRISHNA" failures="0" tests="1" name="app.seleniumautomation.FormAuthentication" time="12.713" errors="0" timestamp="2024-12-19T09:15:30 IST" skipped="0">
  <testcase classname="app.seleniumautomation.FormAuthentication" name="FormAuthenticationTest" time="12.713"/>
  <system-out/>
</testsuite> <!-- app.seleniumautomation.FormAuthentication -->
