<?xml version="1.0" encoding="UTF-8"?>
<!-- Generated by org.testng.reporters.JUnitReportReporter -->
<testsuite hostname="SHIVAKRISHNA" failures="0" tests="1" name="SeleniumFiles.Launchapp" time="7.022" errors="0" timestamp="2024-12-19T08:38:04 IST" skipped="0">
  <testcase classname="SeleniumFiles.Launchapp" name="launchAPP" time="7.022"/>
  <system-out/>
</testsuite> <!-- SeleniumFiles.Launchapp -->
