<?xml version="1.0" encoding="UTF-8"?>
<!-- Generated by org.testng.reporters.JUnitReportReporter -->
<testsuite hostname="SHIVAKRISHNA" failures="0" tests="1" name="app.seleniumautomation.TestRunner" time="8.517" errors="0" timestamp="24 Dec 2024 03:09:03 GMT">
  <testcase classname="app.seleniumautomation.TestRunner" name="runScenario" time="8.517"/>
</testsuite> <!-- app.seleniumautomation.TestRunner -->
