<?xml version="1.0" encoding="UTF-8"?>
<!-- Generated by org.testng.reporters.JUnitReportReporter -->
<testsuite hostname="SHIVAKRISHNA" failures="0" tests="1" name="app.seleniumautomation.TestRunner" time="8.491" errors="0" timestamp="1 Jan 2025 14:14:54 GMT">
  <testcase classname="app.seleniumautomation.TestRunner" name="runScenario" time="8.491"/>
</testsuite> <!-- app.seleniumautomation.TestRunner -->
