<?xml version="1.0" encoding="UTF-8"?>
<!-- Generated by org.testng.reporters.JUnitReportReporter -->
<testsuite hostname="SHIVAKRISHNA" failures="0" tests="1" name="app.seleniumautomation.FormAuthentication" time="7.043" errors="0" timestamp="22 Dec 2024 15:18:32 GMT">
  <testcase classname="app.seleniumautomation.FormAuthentication" name="FormAuthenticationTest" time="7.043"/>
</testsuite> <!-- app.seleniumautomation.FormAuthentication -->
